PHP Parse error:  syntax error, unexpected token "<", expecting end of file in /var/www/homevlad_ru_usr/data/www/homevlad.ru/bots/telegram_bot.php on line 4
PHP Parse error:  syntax error, unexpected token "<", expecting end of file in /var/www/homevlad_ru_usr/data/www/homevlad.ru/bots/telegram_bot.php on line 4
PHP Parse error:  syntax error, unexpected token "<", expecting end of file in /var/www/homevlad_ru_usr/data/www/homevlad.ru/bots/telegram_bot.php on line 4
PHP Parse error:  syntax error, unexpected token "<", expecting end of file in /var/www/homevlad_ru_usr/data/www/homevlad.ru/bots/telegram_bot.php on line 4
PHP Parse error:  syntax error, unexpected token "<", expecting end of file in /var/www/homevlad_ru_usr/data/www/homevlad.ru/bots/telegram_bot.php on line 4
PHP Parse error:  syntax error, unexpected token "<", expecting end of file in /var/www/homevlad_ru_usr/data/www/homevlad.ru/bots/telegram_bot.php on line 4
PHP Parse error:  syntax error, unexpected token "<", expecting end of file in /var/www/homevlad_ru_usr/data/www/homevlad.ru/bots/telegram_bot.php on line 4
PHP Warning:  file_put_contents(/var/www/homevlad_ru_usr/data/www/homevlad.ru/bots/logs/bot_2025-04-14.log): Failed to open stream: Permission denied in /var/www/homevlad_ru_usr/data/www/homevlad.ru/bots/telegram_bot.php on line 23
PHP Warning:  file_put_contents(/var/www/homevlad_ru_usr/data/www/homevlad.ru/bots/logs/bot_2025-04-14.log): Failed to open stream: Permission denied in /var/www/homevlad_ru_usr/data/www/homevlad.ru/bots/telegram_bot.php on line 23
PHP Warning:  file_put_contents(/var/www/homevlad_ru_usr/data/www/homevlad.ru/bots/logs/bot_2025-04-14.log): Failed to open stream: Permission denied in /var/www/homevlad_ru_usr/data/www/homevlad.ru/bots/telegram_bot.php on line 23
PHP Warning:  file_put_contents(/var/www/homevlad_ru_usr/data/www/homevlad.ru/bots/logs/bot_2025-04-14.log): Failed to open stream: Permission denied in /var/www/homevlad_ru_usr/data/www/homevlad.ru/bots/telegram_bot.php on line 23
PHP Warning:  file_put_contents(/var/www/homevlad_ru_usr/data/www/homevlad.ru/bots/logs/bot_2025-04-14.log): Failed to open stream: Permission denied in /var/www/homevlad_ru_usr/data/www/homevlad.ru/bots/telegram_bot.php on line 23
PHP Warning:  file_put_contents(/var/www/homevlad_ru_usr/data/www/homevlad.ru/bots/logs/bot_2025-04-14.log): Failed to open stream: Permission denied in /var/www/homevlad_ru_usr/data/www/homevlad.ru/bots/telegram_bot.php on line 23
PHP Warning:  file_put_contents(/var/www/homevlad_ru_usr/data/www/homevlad.ru/bots/logs/bot_2025-04-14.log): Failed to open stream: Permission denied in /var/www/homevlad_ru_usr/data/www/homevlad.ru/bots/telegram_bot.php on line 23
PHP Warning:  file_put_contents(/var/www/homevlad_ru_usr/data/www/homevlad.ru/bots/logs/bot_2025-04-14.log): Failed to open stream: Permission denied in /var/www/homevlad_ru_usr/data/www/homevlad.ru/bots/telegram_bot.php on line 23
PHP Warning:  file_put_contents(/var/www/homevlad_ru_usr/data/www/homevlad.ru/bots/logs/bot_2025-04-14.log): Failed to open stream: Permission denied in /var/www/homevlad_ru_usr/data/www/homevlad.ru/bots/telegram_bot.php on line 23
PHP Warning:  file_put_contents(/var/www/homevlad_ru_usr/data/www/homevlad.ru/bots/logs/bot_2025-04-14.log): Failed to open stream: Permission denied in /var/www/homevlad_ru_usr/data/www/homevlad.ru/bots/telegram_bot.php on line 23
PHP Warning:  file_put_contents(/var/www/homevlad_ru_usr/data/www/homevlad.ru/bots/logs/bot_2025-04-14.log): Failed to open stream: Permission denied in /var/www/homevlad_ru_usr/data/www/homevlad.ru/bots/telegram_bot.php on line 23
PHP Warning:  file_put_contents(/var/www/homevlad_ru_usr/data/www/homevlad.ru/bots/logs/bot_2025-04-14.log): Failed to open stream: Permission denied in /var/www/homevlad_ru_usr/data/www/homevlad.ru/bots/telegram_bot.php on line 23
PHP Warning:  file_put_contents(/var/www/homevlad_ru_usr/data/www/homevlad.ru/bots/logs/bot_2025-04-14.log): Failed to open stream: Permission denied in /var/www/homevlad_ru_usr/data/www/homevlad.ru/bots/telegram_bot.php on line 23
PHP Warning:  file_put_contents(/var/www/homevlad_ru_usr/data/www/homevlad.ru/bots/logs/bot_2025-04-14.log): Failed to open stream: Permission denied in /var/www/homevlad_ru_usr/data/www/homevlad.ru/bots/telegram_bot.php on line 23
ERROR: Missing required PHP extension: PDO
ERROR: Missing required PHP extension: PDO
ERROR: Missing required PHP extension: PDO
ERROR: Missing required PHP extension: PDO
ERROR: Missing required PHP extension: PDO
PHP Fatal error:  Uncaught Error: Class "PDO" not found in /var/www/homevlad_ru_usr/data/www/homevlad.ru/bots/telegram_bot.php:5
Stack trace:
#0 {main}
  thrown in /var/www/homevlad_ru_usr/data/www/homevlad.ru/bots/telegram_bot.php on line 5
PHP Fatal error:  Uncaught Error: Class "PDO" not found in /var/www/homevlad_ru_usr/data/www/homevlad.ru/bots/telegram_bot.php:5
Stack trace:
#0 {main}
  thrown in /var/www/homevlad_ru_usr/data/www/homevlad.ru/bots/telegram_bot.php on line 5
PHP Fatal error:  Uncaught Error: Class "PDO" not found in /var/www/homevlad_ru_usr/data/www/homevlad.ru/bots/telegram_bot.php:5
Stack trace:
#0 {main}
  thrown in /var/www/homevlad_ru_usr/data/www/homevlad.ru/bots/telegram_bot.php on line 5
PHP Fatal error:  Uncaught Error: Class "PDO" not found in /var/www/homevlad_ru_usr/data/www/homevlad.ru/bots/telegram_bot.php:5
Stack trace:
#0 {main}
  thrown in /var/www/homevlad_ru_usr/data/www/homevlad.ru/bots/telegram_bot.php on line 5
PHP Fatal error:  Uncaught Error: Class "PDO" not found in /var/www/homevlad_ru_usr/data/www/homevlad.ru/bots/telegram_bot.php:5
Stack trace:
#0 {main}
  thrown in /var/www/homevlad_ru_usr/data/www/homevlad.ru/bots/telegram_bot.php on line 5
