[04-Apr-2025 12:01:33 UTC] [2025-04-04 12:01:33] === Начало обновления статистики нод ===
[04-Apr-2025 12:01:33 UTC] [2025-04-04 12:01:33] Найдено активных нод: 4
[04-Apr-2025 12:01:33 UTC] [2025-04-04 12:01:33] Обработка ноды ID: 1 (node2.dvcloud.ru)
[04-Apr-2025 12:01:34 UTC] [2025-04-04 12:01:34] Данные успешно сохранены
[04-Apr-2025 12:01:34 UTC] [2025-04-04 12:01:34] Обработка ноды ID: 2 (node3.dvcloud.ru)
[04-Apr-2025 12:01:35 UTC] [2025-04-04 12:01:35] Данные успешно сохранены
[04-Apr-2025 12:01:35 UTC] [2025-04-04 12:01:35] Обработка ноды ID: 3 (node4.dvcloud.ru)
[04-Apr-2025 12:01:36 UTC] [2025-04-04 12:01:36] Данные успешно сохранены
[04-Apr-2025 12:01:36 UTC] [2025-04-04 12:01:36] Обработка ноды ID: 4 (server0.swecloud.ru)
[04-Apr-2025 12:01:38 UTC] [2025-04-04 12:01:38] Данные успешно сохранены
[04-Apr-2025 12:01:38 UTC] [2025-04-04 12:01:38] === Обновление статистики завершено ===
[04-Apr-2025 12:15:19 UTC] PHP Fatal error:  Uncaught Error: Call to undefined function get_node_stats() in /var/www/homevlad_ru_usr/data/www/homevlad.ru/admin/update_node_stats.php:20
Stack trace:
#0 {main}
  thrown in /var/www/homevlad_ru_usr/data/www/homevlad.ru/admin/update_node_stats.php on line 20
[04-Apr-2025 12:20:58 UTC] [2025-04-04 12:20:58] === Начало обновления статистики нод ===
[04-Apr-2025 12:20:58 UTC] [2025-04-04 12:20:58] Найдено активных нод: 4
[04-Apr-2025 12:20:58 UTC] [2025-04-04 12:20:58] Обработка ноды ID: 1 (node2.dvcloud.ru)
[04-Apr-2025 12:20:58 UTC] PHP Fatal error:  Uncaught Error: Call to undefined function getNodeStats() in /var/www/homevlad_ru_usr/data/www/homevlad.ru/admin/update_node_stats.php:46
Stack trace:
#0 {main}
  thrown in /var/www/homevlad_ru_usr/data/www/homevlad.ru/admin/update_node_stats.php on line 46
[04-Apr-2025 12:21:51 UTC] [2025-04-04 12:21:51] === Начало обновления статистики нод ===
[04-Apr-2025 12:21:51 UTC] [2025-04-04 12:21:51] Найдено активных нод: 4
[04-Apr-2025 12:21:51 UTC] [2025-04-04 12:21:51] Обработка ноды ID: 1 (node2.dvcloud.ru)
[04-Apr-2025 12:21:52 UTC] [2025-04-04 12:21:52] Данные успешно сохранены
[04-Apr-2025 12:21:52 UTC] [2025-04-04 12:21:52] Обработка ноды ID: 2 (node3.dvcloud.ru)
[04-Apr-2025 12:21:52 UTC] [2025-04-04 12:21:52] Данные успешно сохранены
[04-Apr-2025 12:21:52 UTC] [2025-04-04 12:21:52] Обработка ноды ID: 3 (node4.dvcloud.ru)
[04-Apr-2025 12:21:54 UTC] [2025-04-04 12:21:54] Данные успешно сохранены
[04-Apr-2025 12:21:54 UTC] [2025-04-04 12:21:54] Обработка ноды ID: 4 (server0.swecloud.ru)
[04-Apr-2025 12:21:56 UTC] [2025-04-04 12:21:56] Данные успешно сохранены
[04-Apr-2025 12:21:56 UTC] [2025-04-04 12:21:56] === Обновление статистики завершено ===
