PHP Parse error:  syntax error, unexpected token "??", expecting "->" or "?->" or "{" or "[" in /var/www/homevlad_ru_usr/data/www/homevlad.ru/api/update_proxmox_tickets.php on line 12
PHP Parse error:  syntax error, unexpected token "??", expecting "->" or "?->" or "{" or "[" in /var/www/homevlad_ru_usr/data/www/homevlad.ru/api/update_proxmox_tickets.php on line 12
PHP Parse error:  syntax error, unexpected token "??", expecting "->" or "?->" or "{" or "[" in /var/www/homevlad_ru_usr/data/www/homevlad.ru/api/update_proxmox_tickets.php on line 12
Failed to get ticket for node 1: HTTP 401
Failed to get ticket for node 2: HTTP 401
Failed to get ticket for node 3: HTTP 401
Failed to get ticket for node 4: HTTP 401
Successfully updated ticket for node node2.dvcloud.ru
Successfully updated ticket for node node3.dvcloud.ru
Successfully updated ticket for node node4.dvcloud.ru
Successfully updated ticket for node server0.swecloud.ru
Successfully updated ticket for node node2.dvcloud.ru
Successfully updated ticket for node node3.dvcloud.ru
Successfully updated ticket for node node4.dvcloud.ru
Successfully updated ticket for node server0.swecloud.ru
Successfully created ticket for node node2.dvcloud.ru
Successfully created ticket for node node3.dvcloud.ru
Successfully created ticket for node node4.dvcloud.ru
Successfully created ticket for node server0.swecloud.ru
Successfully created ticket for node node2.dvcloud.ru
Successfully created ticket for node node3.dvcloud.ru
Successfully created ticket for node node4.dvcloud.ru
Successfully created ticket for node server0.swecloud.ru
Successfully updated ticket for node node2.dvcloud.ru
Successfully updated ticket for node node3.dvcloud.ru
Successfully updated ticket for node node4.dvcloud.ru
Successfully updated ticket for node server0.swecloud.ru
Successfully updated ticket for node node2.dvcloud.ru
Successfully updated ticket for node node3.dvcloud.ru
Successfully updated ticket for node node4.dvcloud.ru
Successfully updated ticket for node server0.swecloud.ru
Successfully updated ticket for node node2.dvcloud.ru
Successfully updated ticket for node node3.dvcloud.ru
Successfully updated ticket for node node4.dvcloud.ru
Successfully updated ticket for node server0.swecloud.ru
Successfully updated ticket for node node2.dvcloud.ru
Successfully updated ticket for node node3.dvcloud.ru
Successfully updated ticket for node node4.dvcloud.ru
Successfully updated ticket for node server0.swecloud.ru
Successfully updated ticket for node node2.dvcloud.ru
Successfully updated ticket for node node3.dvcloud.ru
Successfully updated ticket for node node4.dvcloud.ru
Successfully updated ticket for node server0.swecloud.ru
Successfully updated ticket for node node2.dvcloud.ru
Successfully updated ticket for node node3.dvcloud.ru
Successfully updated ticket for node node4.dvcloud.ru
Successfully updated ticket for node server0.swecloud.ru
Successfully updated ticket for node node2.dvcloud.ru
Successfully updated ticket for node node3.dvcloud.ru
Successfully updated ticket for node node4.dvcloud.ru
Successfully updated ticket for node server0.swecloud.ru
Successfully updated ticket for node node2.dvcloud.ru
Successfully updated ticket for node node3.dvcloud.ru
Successfully updated ticket for node node4.dvcloud.ru
Successfully updated ticket for node server0.swecloud.ru
Successfully updated ticket for node node2.dvcloud.ru
Successfully updated ticket for node node3.dvcloud.ru
Successfully updated ticket for node node4.dvcloud.ru
Successfully updated ticket for node server0.swecloud.ru
Successfully updated ticket for node node2.dvcloud.ru
Successfully updated ticket for node node3.dvcloud.ru
Successfully updated ticket for node node4.dvcloud.ru
Successfully updated ticket for node server0.swecloud.ru
Successfully updated ticket for node node2.dvcloud.ru
Successfully updated ticket for node node3.dvcloud.ru
Successfully updated ticket for node node4.dvcloud.ru
Successfully updated ticket for node server0.swecloud.ru
Successfully updated ticket for node node2.dvcloud.ru
Successfully updated ticket for node node3.dvcloud.ru
Successfully updated ticket for node node4.dvcloud.ru
Successfully updated ticket for node server0.swecloud.ru
Successfully updated ticket for node node2.dvcloud.ru
Successfully updated ticket for node node3.dvcloud.ru
Successfully updated ticket for node node4.dvcloud.ru
Successfully updated ticket for node server0.swecloud.ru
Successfully updated ticket for node node2.dvcloud.ru
Successfully updated ticket for node node3.dvcloud.ru
Successfully updated ticket for node node4.dvcloud.ru
Successfully updated ticket for node server0.swecloud.ru
Successfully updated ticket for node node2.dvcloud.ru
Successfully updated ticket for node node3.dvcloud.ru
Successfully updated ticket for node node4.dvcloud.ru
Successfully updated ticket for node server0.swecloud.ru
Successfully updated ticket for node node2.dvcloud.ru
Successfully updated ticket for node node3.dvcloud.ru
Successfully updated ticket for node node4.dvcloud.ru
Successfully updated ticket for node server0.swecloud.ru
Successfully updated ticket for node node2.dvcloud.ru
Successfully updated ticket for node node3.dvcloud.ru
Successfully updated ticket for node node4.dvcloud.ru
Successfully updated ticket for node server0.swecloud.ru
Successfully updated ticket for node node2.dvcloud.ru
Successfully updated ticket for node node3.dvcloud.ru
Successfully updated ticket for node node4.dvcloud.ru
Successfully updated ticket for node server0.swecloud.ru
Successfully updated ticket for node node2.dvcloud.ru
Successfully updated ticket for node node3.dvcloud.ru
Successfully updated ticket for node node4.dvcloud.ru
Successfully updated ticket for node server0.swecloud.ru
Successfully updated ticket for node node2.dvcloud.ru
Successfully updated ticket for node node3.dvcloud.ru
Successfully updated ticket for node node4.dvcloud.ru
Successfully updated ticket for node server0.swecloud.ru
Successfully updated ticket for node node2.dvcloud.ru
Successfully updated ticket for node node3.dvcloud.ru
Successfully updated ticket for node node4.dvcloud.ru
Successfully updated ticket for node server0.swecloud.ru
Successfully updated ticket for node node2.dvcloud.ru
Successfully updated ticket for node node3.dvcloud.ru
Successfully updated ticket for node node4.dvcloud.ru
Successfully updated ticket for node server0.swecloud.ru
Successfully updated ticket for node node2.dvcloud.ru
Successfully updated ticket for node node3.dvcloud.ru
Successfully updated ticket for node node4.dvcloud.ru
Successfully updated ticket for node server0.swecloud.ru
Successfully updated ticket for node node2.dvcloud.ru
Successfully updated ticket for node node3.dvcloud.ru
Successfully updated ticket for node node4.dvcloud.ru
Successfully updated ticket for node server0.swecloud.ru
Successfully updated ticket for node node2.dvcloud.ru
Successfully updated ticket for node node3.dvcloud.ru
Successfully updated ticket for node node4.dvcloud.ru
Successfully updated ticket for node server0.swecloud.ru
Successfully updated ticket for node node2.dvcloud.ru
Successfully updated ticket for node node3.dvcloud.ru
Successfully updated ticket for node node4.dvcloud.ru
Successfully updated ticket for node server0.swecloud.ru
Successfully updated ticket for node node2.dvcloud.ru
Successfully updated ticket for node node3.dvcloud.ru
Successfully updated ticket for node node4.dvcloud.ru
Successfully updated ticket for node server0.swecloud.ru
Successfully updated ticket for node node2.dvcloud.ru
Successfully updated ticket for node node3.dvcloud.ru
Successfully updated ticket for node node4.dvcloud.ru
Successfully updated ticket for node server0.swecloud.ru
Successfully updated ticket for node node2.dvcloud.ru
Successfully updated ticket for node node3.dvcloud.ru
Successfully updated ticket for node node4.dvcloud.ru
Successfully updated ticket for node server0.swecloud.ru
Successfully updated ticket for node node2.dvcloud.ru
Successfully updated ticket for node node3.dvcloud.ru
Successfully updated ticket for node node4.dvcloud.ru
Successfully updated ticket for node server0.swecloud.ru
Successfully updated ticket for node node2.dvcloud.ru
Successfully updated ticket for node node3.dvcloud.ru
Successfully updated ticket for node node4.dvcloud.ru
Successfully updated ticket for node server0.swecloud.ru
Successfully updated ticket for node node2.dvcloud.ru
Successfully updated ticket for node node3.dvcloud.ru
Successfully updated ticket for node node4.dvcloud.ru
Successfully updated ticket for node server0.swecloud.ru
Successfully updated ticket for node node2.dvcloud.ru
Successfully updated ticket for node node3.dvcloud.ru
Successfully updated ticket for node node4.dvcloud.ru
Successfully updated ticket for node server0.swecloud.ru
Successfully updated ticket for node node2.dvcloud.ru
Successfully updated ticket for node node3.dvcloud.ru
Successfully updated ticket for node node4.dvcloud.ru
Successfully updated ticket for node server0.swecloud.ru
Successfully updated ticket for node node2.dvcloud.ru
Successfully updated ticket for node node3.dvcloud.ru
Successfully updated ticket for node node4.dvcloud.ru
Successfully updated ticket for node server0.swecloud.ru
Successfully updated ticket for node node2.dvcloud.ru
Successfully updated ticket for node node3.dvcloud.ru
Successfully updated ticket for node node4.dvcloud.ru
Successfully updated ticket for node server0.swecloud.ru
Successfully updated ticket for node node2.dvcloud.ru
Successfully updated ticket for node node3.dvcloud.ru
Successfully updated ticket for node node4.dvcloud.ru
Successfully updated ticket for node server0.swecloud.ru
Successfully updated ticket for node node2.dvcloud.ru
Successfully updated ticket for node node3.dvcloud.ru
Successfully updated ticket for node node4.dvcloud.ru
Successfully updated ticket for node server0.swecloud.ru
Successfully updated ticket for node node2.dvcloud.ru
Successfully updated ticket for node node3.dvcloud.ru
Successfully updated ticket for node node4.dvcloud.ru
Successfully updated ticket for node server0.swecloud.ru
Successfully updated ticket for node node2.dvcloud.ru
Successfully updated ticket for node node3.dvcloud.ru
Successfully updated ticket for node node4.dvcloud.ru
Successfully updated ticket for node server0.swecloud.ru
Successfully updated ticket for node node2.dvcloud.ru
Successfully updated ticket for node node3.dvcloud.ru
Successfully updated ticket for node node4.dvcloud.ru
Successfully updated ticket for node server0.swecloud.ru
