[2025-04-13 14:00:01] Starting cron_charge.php
Processing VM #1001 (Status: running)
Calculated amount: 1.388889
Processing VM #125 (Status: running)
Calculated amount: 0.694444
Processing VM #128 (Status: running)
Calculated amount: 0.694444
Processing VM #129 (Status: running)
Calculated amount: 1.388889
Processing VM #131 (Status: running)
Calculated amount: 0.694444
Processing VM #132 (Status: running)
Calculated amount: 0.694444
Processing VM #133 (Status: stopped)
Calculated amount: 0.544
Processing VM #134 (Status: stopped)
Calculated amount: 0.544
Processing VM #135 (Status: stopped)
Calculated amount: 0.544
Processing VM #136 (Status: stopped)
Calculated amount: 0.544
Processing VM #139 (Status: stopped)
Calculated amount: 0.4624
[2025-04-13 14:00:01] cron_charge.php completed
Charging completed successfully
[2025-04-14 14:00:02] Starting cron_charge.php
Processing VM #1001 (Status: running)
Calculated amount: 1.388889
Processing VM #125 (Status: running)
Calculated amount: 0.694444
Processing VM #128 (Status: running)
Calculated amount: 0.694444
Processing VM #129 (Status: running)
Calculated amount: 1.388889
Processing VM #131 (Status: running)
Calculated amount: 0.694444
Processing VM #132 (Status: running)
Calculated amount: 0.694444
Processing VM #133 (Status: stopped)
Calculated amount: 0.544
Processing VM #134 (Status: stopped)
Calculated amount: 0.544
Processing VM #135 (Status: stopped)
Calculated amount: 0.544
Processing VM #136 (Status: stopped)
Calculated amount: 0.544
Processing VM #139 (Status: stopped)
Calculated amount: 0.4624
[2025-04-14 14:00:02] cron_charge.php completed
Charging completed successfully
[2025-04-15 14:00:01] Starting cron_charge.php
Processing VM #1001 (Status: running)
Calculated amount: 1.388889
Processing VM #136 (Status: stopped)
Calculated amount: 0.09792
Processing VM #139 (Status: stopped)
Calculated amount: 0.083232
Processing VM #126 (Status: stopped)
Calculated amount: 0.063648
[2025-04-15 14:00:02] cron_charge.php completed
Charging completed successfully
[2025-04-16 14:00:02] Starting cron_charge.php
Processing VM #1001 (Status: running)
Calculated amount: 3.472222
Processing VM #136 (Status: stopped)
Calculated amount: 0.0486
Processing VM #139 (Status: stopped)
Calculated amount: 0.04131
Processing VM #126 (Status: stopped)
Calculated amount: 0.03159
Processing VM #128 (Status: stopped)
Calculated amount: 0.00729
[2025-04-16 14:00:02] cron_charge.php completed
Charging completed successfully
[2025-04-17 14:00:01] Starting cron_charge.php
Processing VM #126 (Status: running)
Calculated amount: 1.805556
Processing VM #128 (Status: running)
Calculated amount: 1.1346
Processing VM #1001 (Status: stopped)
Calculated amount: 0.0972
Processing VM #136 (Status: stopped)
Calculated amount: 0.0486
Processing VM #139 (Status: stopped)
Calculated amount: 0.04131
[2025-04-17 14:00:01] cron_charge.php completed
Charging completed successfully
[2025-04-18 14:00:02] Starting cron_charge.php
Processing VM #1001 (Status: running)
Calculated amount: 3.472222
Processing VM #126 (Status: running)
Calculated amount: 1.805556
Processing VM #128 (Status: running)
Calculated amount: 1.1346
[2025-04-18 14:00:02] cron_charge.php completed
Charging completed successfully
[2025-04-19 14:00:02] Starting cron_charge.php
Processing VM #128 (Status: running)
Calculated amount: 1.1346
[2025-04-19 14:00:02] cron_charge.php completed
Charging completed successfully
[2025-04-20 14:00:02] Starting cron_charge.php
Processing VM #1001 (Status: running)
Calculated amount: 3.472222
Processing VM #126 (Status: running)
Calculated amount: 1.805556
Processing VM #128 (Status: running)
Calculated amount: 1.1346
[2025-04-20 14:00:02] cron_charge.php completed
Charging completed successfully
[2025-04-21 14:00:02] Starting cron_charge.php
Processing VM #1001 (Status: running)
Calculated amount: 3.472222
Processing VM #128 (Status: running)
Calculated amount: 1.1346
Processing VM #126 (Status: stopped)
Calculated amount: 0.03159
[2025-04-21 14:00:02] cron_charge.php completed
Charging completed successfully
[2025-04-22 14:00:01] Starting cron_charge.php
Processing VM #1001 (Status: running)
Calculated amount: 3.472222
Processing VM #126 (Status: stopped)
Calculated amount: 0.015795
Processing VM #128 (Status: stopped)
Calculated amount: 0.003645
Processing VM #125 (Status: running)
Calculated amount: 0.208333
Processing VM #131 (Status: running)
Calculated amount: 1.5633
Processing VM #132 (Status: running)
Calculated amount: 0.208333
Processing VM #133 (Status: running)
Calculated amount: 0.208333
Processing VM #134 (Status: running)
Calculated amount: 0.208333
Processing VM #135 (Status: running)
Calculated amount: 1.4772
[2025-04-22 14:00:01] cron_charge.php completed
Charging completed successfully
[2025-04-23 14:00:01] Starting cron_charge.php
Processing VM #1001 (Type: qemu, Status: running)
Calculated amount for VM #1001: 3.472222
Processing VM #126 (Type: qemu, Status: stopped)
Calculated amount for VM #126: 0.01755
Processing VM #128 (Type: qemu, Status: stopped)
Calculated amount for VM #128: 0.00405
Processing VM #125 (Type: qemu, Status: running)
Calculated amount for VM #125: 0.208333
Processing VM #131 (Type: lxc, Status: stopped)
Calculated amount for VM #131: 4.5E-5
Processing VM #132 (Type: lxc, Status: running)
Calculated amount for VM #132: 0.208333
Processing VM #133 (Type: lxc, Status: running)
Calculated amount for VM #133: 0.208333
Processing VM #134 (Type: lxc, Status: running)
Calculated amount for VM #134: 0.208333
Processing VM #135 (Type: lxc, Status: running)
Calculated amount for VM #135: 0.613192
[2025-04-23 14:00:01] cron_charge.php completed
Charging completed successfully
[2025-04-24 14:00:02] Starting cron_charge.php
Processing VM #1001 (Type: qemu, Status: running)
Calculated amount for VM #1001: 3.472222
Processing VM #126 (Type: qemu, Status: stopped)
Calculated amount for VM #126: 0.01755
Processing VM #128 (Type: qemu, Status: stopped)
Calculated amount for VM #128: 0.00405
Processing VM #125 (Type: qemu, Status: running)
Calculated amount for VM #125: 0.208333
Processing VM #131 (Type: lxc, Status: running)
Calculated amount for VM #131: 0.693938
Processing VM #132 (Type: lxc, Status: running)
Calculated amount for VM #132: 0.208333
Processing VM #133 (Type: lxc, Status: running)
Calculated amount for VM #133: 0.208333
Processing VM #134 (Type: lxc, Status: running)
Calculated amount for VM #134: 0.208333
Processing VM #135 (Type: lxc, Status: running)
Calculated amount for VM #135: 0.613192
[2025-04-24 14:00:02] cron_charge.php completed
Charging completed successfully
PHP Parse error:  Unmatched '}' in /var/www/homevlad_ru_usr/data/www/homevlad.ru/includes/proxmox_functions.php on line 1913
PHP Parse error:  Unmatched '}' in /var/www/homevlad_ru_usr/data/www/homevlad.ru/includes/proxmox_functions.php on line 1913
[2025-04-28 00:00:02] Starting cron_charge.php
Processing VM #1001 (Type: qemu, Status: running)
Calculated amount for VM #1001: 3.472222
Processing VM #126 (Type: qemu, Status: stopped)
Calculated amount for VM #126: 0.01755
Processing VM #128 (Type: qemu, Status: stopped)
Calculated amount for VM #128: 0.00405
Processing VM #131 (Type: lxc, Status: running)
Calculated amount for VM #131: 0.693938
Processing VM #132 (Type: lxc, Status: running)
Calculated amount for VM #132: 0.208333
Processing VM #133 (Type: lxc, Status: running)
Calculated amount for VM #133: 0.208333
Processing VM #134 (Type: lxc, Status: running)
Calculated amount for VM #134: 0.208333
Processing VM #135 (Type: lxc, Status: running)
Calculated amount for VM #135: 0.613192
Processing VM #112 (Type: lxc, Status: running)
Calculated amount for VM #112: 0.774684
Processing VM #105 (Type: lxc, Status: running)
Calculated amount for VM #105: 1.225784
[2025-04-28 00:00:02] cron_charge.php completed
Charging completed successfully
[2025-04-29 00:00:01] Starting cron_charge.php
Processing VM #1001 (Type: qemu, Status: running)
Calculated amount for VM #1001: 3.472222
Processing VM #126 (Type: qemu, Status: stopped)
Calculated amount for VM #126: 0.01755
Processing VM #128 (Type: qemu, Status: stopped)
Calculated amount for VM #128: 0.00405
Processing VM #131 (Type: lxc, Status: running)
Calculated amount for VM #131: 0.693938
Processing VM #132 (Type: lxc, Status: running)
Calculated amount for VM #132: 0.208333
Processing VM #133 (Type: lxc, Status: running)
Calculated amount for VM #133: 0.208333
Processing VM #134 (Type: lxc, Status: running)
Calculated amount for VM #134: 0.208333
Processing VM #135 (Type: lxc, Status: running)
Calculated amount for VM #135: 0.613192
Processing VM #112 (Type: lxc, Status: running)
Calculated amount for VM #112: 0.774684
Processing VM #105 (Type: lxc, Status: running)
Calculated amount for VM #105: 1.225784
[2025-04-29 00:00:01] cron_charge.php completed
Charging completed successfully
[2025-04-30 00:00:01] Starting cron_charge.php
Processing VM #1001 (Type: qemu, Status: running)
Calculated amount for VM #1001: 3.472222
Processing VM #128 (Type: qemu, Status: stopped)
Calculated amount for VM #128: 0.00405
Processing VM #131 (Type: lxc, Status: running)
Calculated amount for VM #131: 0.693938
Processing VM #132 (Type: lxc, Status: running)
Calculated amount for VM #132: 0.208333
Processing VM #133 (Type: lxc, Status: running)
Calculated amount for VM #133: 0.208333
Processing VM #134 (Type: lxc, Status: running)
Calculated amount for VM #134: 0.208333
Processing VM #135 (Type: lxc, Status: running)
Calculated amount for VM #135: 0.613192
Processing VM #112 (Type: lxc, Status: running)
Calculated amount for VM #112: 0.774684
Processing VM #105 (Type: lxc, Status: running)
Calculated amount for VM #105: 1.225784
[2025-04-30 00:00:01] cron_charge.php completed
Charging completed successfully
[2025-05-01 00:00:00] Starting cron_charge.php
Processing VM #1001 (Type: qemu, Status: running)
Calculated amount for VM #1001: 3.472222
Processing VM #131 (Type: lxc, Status: running)
Calculated amount for VM #131: 0.693938
Processing VM #132 (Type: lxc, Status: running)
Calculated amount for VM #132: 0.208333
Processing VM #133 (Type: lxc, Status: running)
Calculated amount for VM #133: 0.208333
Processing VM #134 (Type: lxc, Status: running)
Calculated amount for VM #134: 0.208333
Processing VM #135 (Type: lxc, Status: running)
Calculated amount for VM #135: 0.613192
Processing VM #112 (Type: lxc, Status: running)
Calculated amount for VM #112: 0.774684
Processing VM #105 (Type: lxc, Status: running)
Calculated amount for VM #105: 1.225784
[2025-05-01 00:00:01] cron_charge.php completed
Charging completed successfully
