[09-Apr-2025 23:14:25 Asia/Vladivostok] PHP Fatal error:  Uncaught Error: Class "PHPMailer" not found in /var/www/homevlad_ru_usr/data/www/homevlad.ru/test_notifications.php:54
Stack trace:
#0 {main}
  thrown in /var/www/homevlad_ru_usr/data/www/homevlad.ru/test_notifications.php on line 54
[09-Apr-2025 23:16:26 Asia/Vladivostok] PHP Warning:  require(/var/www/homevlad_ru_usr/data/www/homevlad.ru/../vendor/autoload.php): Failed to open stream: No such file or directory in /var/www/homevlad_ru_usr/data/www/homevlad.ru/test_notifications.php on line 14
[09-Apr-2025 23:16:26 Asia/Vladivostok] PHP Fatal error:  Uncaught Error: Failed opening required '/var/www/homevlad_ru_usr/data/www/homevlad.ru/../vendor/autoload.php' (include_path='.:/usr/share/php') in /var/www/homevlad_ru_usr/data/www/homevlad.ru/test_notifications.php:14
Stack trace:
#0 {main}
  thrown in /var/www/homevlad_ru_usr/data/www/homevlad.ru/test_notifications.php on line 14
[09-Apr-2025 23:17:24 Asia/Vladivostok] PHP Warning:  require(/var/www/homevlad_ru_usr/data/www/homevlad.ru/../vendor/autoload.php): Failed to open stream: No such file or directory in /var/www/homevlad_ru_usr/data/www/homevlad.ru/test_notifications.php on line 14
[09-Apr-2025 23:17:24 Asia/Vladivostok] PHP Fatal error:  Uncaught Error: Failed opening required '/var/www/homevlad_ru_usr/data/www/homevlad.ru/../vendor/autoload.php' (include_path='.:/usr/share/php') in /var/www/homevlad_ru_usr/data/www/homevlad.ru/test_notifications.php:14
Stack trace:
#0 {main}
  thrown in /var/www/homevlad_ru_usr/data/www/homevlad.ru/test_notifications.php on line 14
[09-Apr-2025 23:18:27 Asia/Vladivostok] PHP Warning:  require(/var/www/homevlad_ru_usr/data/www/homevlad.ruvendor/autoload.php): Failed to open stream: No such file or directory in /var/www/homevlad_ru_usr/data/www/homevlad.ru/test_notifications.php on line 14
[09-Apr-2025 23:18:27 Asia/Vladivostok] PHP Fatal error:  Uncaught Error: Failed opening required '/var/www/homevlad_ru_usr/data/www/homevlad.ruvendor/autoload.php' (include_path='.:/usr/share/php') in /var/www/homevlad_ru_usr/data/www/homevlad.ru/test_notifications.php:14
Stack trace:
#0 {main}
  thrown in /var/www/homevlad_ru_usr/data/www/homevlad.ru/test_notifications.php on line 14
[09-Apr-2025 23:36:25 Asia/Vladivostok] Email send error: SMTP Error: Could not connect to SMTP host.
